<?xml version="1.0" encoding="UTF-8"?>
<testng-results skipped="0" failed="0" total="1" passed="1">
  <reporter-output>
  </reporter-output>
  <suite name="Default suite" duration-ms="99" started-at="2016-09-26T04:38:27Z" finished-at="2016-09-26T04:38:27Z">
    <groups>
    </groups>
    <test name="Default test" duration-ms="99" started-at="2016-09-26T04:38:27Z" finished-at="2016-09-26T04:38:27Z">
      <class name="com.vmetry.ntltaxi.utils.ReportOptimiser">
        <test-method status="PASS" signature="archiveFiles()[pri:0, instance:com.vmetry.ntltaxi.utils.ReportOptimiser@6c977c1f]" name="archiveFiles" duration-ms="74" started-at="2016-09-26T10:08:27Z" finished-at="2016-09-26T10:08:27Z">
          <reporter-output>
          </reporter-output>
        </test-method> <!-- archiveFiles -->
      </class> <!-- com.vmetry.ntltaxi.utils.ReportOptimiser -->
    </test> <!-- Default test -->
  </suite> <!-- Default suite -->
</testng-results>
